Build started 3/5/2015 2:59:30 PM.
     1>Project "E:\School\CS1410\Projects\5\Project_05\Project_05\Project_05.vcxproj" on node 2 (Build target(s)).
     1>ClCompile:
         C:\Program Files (x86)\Microsoft Visual Studio 12.0\VC\bin\CL.exe /c /ZI /nologo /W3 /WX- /sdl /Od /Oy- /D _MBCS /Gm /EHsc /RTC1 /MDd /GS /fp:precise /Zc:wchar_t /Zc:forScope /Fo"Debug\\" /Fd"Debug\vc120.pdb" /Gd /TP /analyze- /errorReport:prompt Account.cpp Checking.cpp Driver.cpp Savings.cpp
         Driver.cpp
         Generating Code...
         Compiling...
         Savings.cpp
     1>e:\school\cs1410\projects\5\project_05\project_05\savings.cpp(27): warning C4244: 'argument' : conversion from 'double' to 'int', possible loss of data
         Checking.cpp
     1>e:\school\cs1410\projects\5\project_05\project_05\checking.cpp(27): warning C4244: 'argument' : conversion from 'double' to 'int', possible loss of data
         Account.cpp
         Generating Code...
       Link:
         C:\Program Files (x86)\Microsoft Visual Studio 12.0\VC\bin\link.exe /ERRORREPORT:PROMPT /OUT:"E:\School\CS1410\Projects\5\Project_05\Debug\Project_05.exe" /INCREMENTAL /NOLOGO kernel32.lib user32.lib gdi32.lib winspool.lib comdlg32.lib advapi32.lib shell32.lib ole32.lib oleaut32.lib uuid.lib odbc32.lib odbccp32.lib /MANIFEST /MANIFESTUAC:"level='asInvoker' uiAccess='false'" /manifest:embed /DEBUG /PDB:"E:\School\CS1410\Projects\5\Project_05\Debug\Project_05.pdb" /TLBID:1 /DYNAMICBASE /NXCOMPAT /IMPLIB:"E:\School\CS1410\Projects\5\Project_05\Debug\Project_05.lib" /MACHINE:X86 Debug\Account.obj
         Debug\Checking.obj
         Debug\Driver.obj
         Debug\FileError.obj
         Debug\Savings.obj
         LINK : E:\School\CS1410\Projects\5\Project_05\Debug\Project_05.exe not found or not built by the last incremental link; performing full link
         Project_05.vcxproj -> E:\School\CS1410\Projects\5\Project_05\Debug\Project_05.exe
     1>Done Building Project "E:\School\CS1410\Projects\5\Project_05\Project_05\Project_05.vcxproj" (Build target(s)).

Build succeeded.

Time Elapsed 00:00:10.90
